<?xml version="1.0" encoding="UTF-8"?>
<!-- Generated by org.testng.reporters.JUnitXMLReporter -->
<testsuite hostname="DESKTOP-0VG8UU6" ignored="0" name="Test" tests="1" failures="1" timestamp="2020-08-21T15:02:29 IST" time="7.859" errors="0">
  <testcase name="oneWayFlightsBooking" time="7.285" classname="testcases.FlightsBooking">
    <failure type="java.lang.NullPointerException">
      <![CDATA[java.lang.NullPointerException
at pageObjects.HomePage.radioOneWaySelect(HomePage.java:96)
at testcases.FlightsBooking.oneWayFlightsBooking(FlightsBooking.java:40)
at java.util.ArrayList.forEach(ArrayList.java:1257)
... Removed 31 stack frames]]>
    </failure>
  </testcase> <!-- oneWayFlightsBooking -->
</testsuite> <!-- Test -->
