<?xml version="1.0" encoding="UTF-8"?>
<!-- Generated by org.testng.reporters.JUnitXMLReporter -->
<testsuite hostname="DESKTOP-0VG8UU6" ignored="0" name="Test" tests="4" failures="2" timestamp="2020-08-02T16:59:49 IST" time="13.646" errors="0">
  <testcase name="getAPIWeatherData" time="1.469" classname="integration.testcases.WeatherTestCase"/>
  <testcase name="getWebWeatherData" time="6.329" classname="integration.testcases.WeatherTestCase">
    <failure type="java.lang.NullPointerException">
      <![CDATA[java.lang.NullPointerException
at org.openqa.selenium.support.pagefactory.DefaultElementLocator.findElement(DefaultElementLocator.java:69)
at org.openqa.selenium.support.pagefactory.internal.LocatingElementHandler.invoke(LocatingElementHandler.java:38)
at com.sun.proxy.$Proxy12.isDisplayed(Unknown Source)
at integration.testcases.WeatherTestCase.getWebWeatherData(WeatherTestCase.java:59)
at java.util.ArrayList.forEach(ArrayList.java:1257)
... Removed 31 stack frames]]>
    </failure>
  </testcase> <!-- getWebWeatherData -->
  <testcase name="validateAPIWeatherData" time="5.782" classname="integration.testcases.WeatherTestCase">
    <failure type="java.lang.NullPointerException">
      <![CDATA[java.lang.NullPointerException
at integration.testcases.WeatherTestCase.validateAPIWeatherData(WeatherTestCase.java:99)
at java.util.ArrayList.forEach(ArrayList.java:1257)
... Removed 31 stack frames]]>
    </failure>
  </testcase> <!-- validateAPIWeatherData -->
  <testcase name="validateWebAPIWeatherData" time="0.001" classname="integration.testcases.WeatherTestCase"/>
</testsuite> <!-- Test -->
