<?xml version="1.0" encoding="UTF-8"?>
<!-- Generated by org.testng.reporters.JUnitXMLReporter -->
<testsuite hostname="DESKTOP-0VG8UU6" ignored="0" name="Test" tests="4" failures="1" timestamp="2020-08-03T00:40:14 IST" time="25.216" errors="0">
  <testcase name="getWebWeatherData" time="23.516" classname="integration.testcases.WeatherTestCase"/>
  <testcase name="getAPIWeatherData" time="1.167" classname="integration.testcases.WeatherTestCase"/>
  <testcase name="validateAPIWeatherData" time="0.456" classname="integration.testcases.WeatherTestCase"/>
  <testcase name="validateWebAPIWeatherData" time="0.011" classname="integration.testcases.WeatherTestCase">
    <failure type="java.lang.AssertionError" message="expected [true] but found [false]">
      <![CDATA[java.lang.AssertionError: expected [true] but found [false]
at integration.testcases.WeatherTestCase.validateWebAPIWeatherData(WeatherTestCase.java:142)
at java.util.ArrayList.forEach(ArrayList.java:1257)
... Removed 31 stack frames]]>
    </failure>
  </testcase> <!-- validateWebAPIWeatherData -->
</testsuite> <!-- Test -->
