<?xml version="1.0" encoding="UTF-8"?>
<!-- Generated by org.testng.reporters.JUnitXMLReporter -->
<testsuite hostname="DESKTOP-0VG8UU6" ignored="0" name="Test" tests="1" failures="1" timestamp="2020-08-22T00:55:58 IST" time="20.853" errors="0">
  <testcase name="oneWayFlightsBooking" time="20.757" classname="testcases.FlightsBooking">
    <failure type="java.lang.AssertionError" message="expected [25-08-2020] but found [25-09-2020]">
      <![CDATA[java.lang.AssertionError: expected [25-08-2020] but found [25-09-2020]
at testcases.FlightsBooking.oneWayFlightsBooking(FlightsBooking.java:58)
at java.util.ArrayList.forEach(ArrayList.java:1257)
... Removed 32 stack frames]]>
    </failure>
  </testcase> <!-- oneWayFlightsBooking -->
</testsuite> <!-- Test -->
