-------------------------------------------------------------------------------
Test set: TestSuite
-------------------------------------------------------------------------------
Tests run: 1, Failures: 1, Errors: 0, Skipped: 0, Time elapsed: 24.062 s <<< FAILURE! - in TestSuite
oneWayFlightsBooking(testcases.FlightsBooking)  Time elapsed: 7.397 s  <<< FAILURE!
java.lang.NullPointerException
	at testcases.FlightsBooking.oneWayFlightsBooking(FlightsBooking.java:40)

